2022-09-21 00:35:17 ERROR Cannot read properties of undefined (reading 'split')
{}
TypeError: Cannot read properties of undefined (reading 'split')
    at verifyAuthToken (C:\Users\User\Desktop\Course\Projects\Store-Donut\dist\middlewares\authorization.js:13:45)
    at Layer.handle [as handle_request] (C:\Users\User\Desktop\Course\Projects\Store-Donut\node_modules\express\lib\router\layer.js:95:5)
    at next (C:\Users\User\Desktop\Course\Projects\Store-Donut\node_modules\express\lib\router\route.js:144:13)
    at Route.dispatch (C:\Users\User\Desktop\Course\Projects\Store-Donut\node_modules\express\lib\router\route.js:114:3)
    at Layer.handle [as handle_request] (C:\Users\User\Desktop\Course\Projects\Store-Donut\node_modules\express\lib\router\layer.js:95:5)
    at C:\Users\User\Desktop\Course\Projects\Store-Donut\node_modules\express\lib\router\index.js:284:15
    at param (C:\Users\User\Desktop\Course\Projects\Store-Donut\node_modules\express\lib\router\index.js:365:14)
    at param (C:\Users\User\Desktop\Course\Projects\Store-Donut\node_modules\express\lib\router\index.js:376:14)
    at Function.process_params (C:\Users\User\Desktop\Course\Projects\Store-Donut\node_modules\express\lib\router\index.js:421:3)
    at next (C:\Users\User\Desktop\Course\Projects\Store-Donut\node_modules\express\lib\router\index.js:280:10) 
2022-09-21 00:36:20 ERROR Cannot read properties of undefined (reading 'split')
{}
TypeError: Cannot read properties of undefined (reading 'split')
    at verifyAuthToken (C:\Users\User\Desktop\Course\Projects\Store-Donut\dist\middlewares\authorization.js:13:45)
    at Layer.handle [as handle_request] (C:\Users\User\Desktop\Course\Projects\Store-Donut\node_modules\express\lib\router\layer.js:95:5)
    at next (C:\Users\User\Desktop\Course\Projects\Store-Donut\node_modules\express\lib\router\route.js:144:13)
    at Route.dispatch (C:\Users\User\Desktop\Course\Projects\Store-Donut\node_modules\express\lib\router\route.js:114:3)
    at Layer.handle [as handle_request] (C:\Users\User\Desktop\Course\Projects\Store-Donut\node_modules\express\lib\router\layer.js:95:5)
    at C:\Users\User\Desktop\Course\Projects\Store-Donut\node_modules\express\lib\router\index.js:284:15
    at param (C:\Users\User\Desktop\Course\Projects\Store-Donut\node_modules\express\lib\router\index.js:365:14)
    at param (C:\Users\User\Desktop\Course\Projects\Store-Donut\node_modules\express\lib\router\index.js:376:14)
    at Function.process_params (C:\Users\User\Desktop\Course\Projects\Store-Donut\node_modules\express\lib\router\index.js:421:3)
    at next (C:\Users\User\Desktop\Course\Projects\Store-Donut\node_modules\express\lib\router\index.js:280:10) 
2022-09-21 00:38:00 ERROR jwt must be provided
{"name":"JsonWebTokenError","message":"jwt must be provided"}
JsonWebTokenError: jwt must be provided
    at Object.module.exports [as verify] (C:\Users\User\Desktop\Course\Projects\Store-Donut\node_modules\jsonwebtoken\verify.js:53:17)
    at verifyAuthToken (C:\Users\User\Desktop\Course\Projects\Store-Donut\dist\middlewares\authorization.js:16:36)
    at Layer.handle [as handle_request] (C:\Users\User\Desktop\Course\Projects\Store-Donut\node_modules\express\lib\router\layer.js:95:5)
    at next (C:\Users\User\Desktop\Course\Projects\Store-Donut\node_modules\express\lib\router\route.js:144:13)
    at Route.dispatch (C:\Users\User\Desktop\Course\Projects\Store-Donut\node_modules\express\lib\router\route.js:114:3)
    at Layer.handle [as handle_request] (C:\Users\User\Desktop\Course\Projects\Store-Donut\node_modules\express\lib\router\layer.js:95:5)
    at C:\Users\User\Desktop\Course\Projects\Store-Donut\node_modules\express\lib\router\index.js:284:15
    at param (C:\Users\User\Desktop\Course\Projects\Store-Donut\node_modules\express\lib\router\index.js:365:14)
    at param (C:\Users\User\Desktop\Course\Projects\Store-Donut\node_modules\express\lib\router\index.js:376:14)
    at Function.process_params (C:\Users\User\Desktop\Course\Projects\Store-Donut\node_modules\express\lib\router\index.js:421:3) 
2022-09-21 00:41:41 ERROR Invalid User
{}
Error: Invalid User
    at C:\Users\User\Desktop\Course\Projects\Store-Donut\dist\handlers\user.js:142:27
    at step (C:\Users\User\Desktop\Course\Projects\Store-Donut\dist\handlers\user.js:33:23)
    at Object.next (C:\Users\User\Desktop\Course\Projects\Store-Donut\dist\handlers\user.js:14:53)
    at fulfilled (C:\Users\User\Desktop\Course\Projects\Store-Donut\dist\handlers\user.js:5:58)
    at processTicksAndRejections (node:internal/process/task_queues:96:5) 
2022-09-21 00:42:13 ERROR Invalid User
{}
Error: Invalid User
    at C:\Users\User\Desktop\Course\Projects\Store-Donut\dist\handlers\user.js:142:27
    at step (C:\Users\User\Desktop\Course\Projects\Store-Donut\dist\handlers\user.js:33:23)
    at Object.next (C:\Users\User\Desktop\Course\Projects\Store-Donut\dist\handlers\user.js:14:53)
    at fulfilled (C:\Users\User\Desktop\Course\Projects\Store-Donut\dist\handlers\user.js:5:58)
    at processTicksAndRejections (node:internal/process/task_queues:96:5) 
2022-09-21 00:50:41 ERROR jwt must be provided
{"name":"JsonWebTokenError","message":"jwt must be provided"}
JsonWebTokenError: jwt must be provided
    at Object.module.exports [as verify] (C:\Users\User\Desktop\Course\Projects\Store-Donut\node_modules\jsonwebtoken\verify.js:53:17)
    at verifyAuthToken (C:\Users\User\Desktop\Course\Projects\Store-Donut\dist\middlewares\authorization.js:16:36)
    at Layer.handle [as handle_request] (C:\Users\User\Desktop\Course\Projects\Store-Donut\node_modules\express\lib\router\layer.js:95:5)
    at next (C:\Users\User\Desktop\Course\Projects\Store-Donut\node_modules\express\lib\router\route.js:144:13)
    at Route.dispatch (C:\Users\User\Desktop\Course\Projects\Store-Donut\node_modules\express\lib\router\route.js:114:3)
    at Layer.handle [as handle_request] (C:\Users\User\Desktop\Course\Projects\Store-Donut\node_modules\express\lib\router\layer.js:95:5)
    at C:\Users\User\Desktop\Course\Projects\Store-Donut\node_modules\express\lib\router\index.js:284:15
    at Function.process_params (C:\Users\User\Desktop\Course\Projects\Store-Donut\node_modules\express\lib\router\index.js:346:12)
    at next (C:\Users\User\Desktop\Course\Projects\Store-Donut\node_modules\express\lib\router\index.js:280:10)
    at jsonParser (C:\Users\User\Desktop\Course\Projects\Store-Donut\node_modules\body-parser\lib\types\json.js:110:7) 
